<?xml version="1.0" encoding="UTF-8"?>
<!-- Generated by org.testng.reporters.JUnitReportReporter -->
<testsuite hostname="ACER-MANU" failures="0" tests="4" name="Spotify" time="29.892" errors="0" timestamp="2022-11-12T00:13:21 ART" skipped="0">
  <testcase classname="Spotify" name="loadPage" time="5.606"/>
  <system-out/>
  <testcase classname="Spotify" name="login" time="9.524"/>
  <system-out/>
  <testcase classname="Spotify" name="searchSong" time="14.760"/>
  <system-out/>
  <testcase classname="Spotify" name="closeDriver" time="0.002"/>
  <system-out/>
</testsuite> <!-- Spotify -->
