<?xml version="1.0" encoding="UTF-8"?>
<!-- Generated by org.testng.reporters.JUnitReportReporter -->
<testsuite hostname="ACER-MANU" failures="0" tests="5" name="Tematika" time="73.741" errors="0" timestamp="2022-11-19T18:41:57 ART" skipped="0">
  <testcase classname="Tematika" name="loadPage" time="44.887"/>
  <system-out/>
  <testcase classname="Tematika" name="login" time="11.284"/>
  <system-out/>
  <testcase classname="Tematika" name="searchBook" time="17.406"/>
  <system-out/>
  <testcase classname="Tematika" name="addToCart" time="0.163"/>
  <system-out/>
  <testcase classname="Tematika" name="finishTest" time="0.001"/>
  <system-out/>
</testsuite> <!-- Tematika -->
